ARM GAS  C:\Users\PNGUBO~1\AppData\Local\Temp\ccIPcJXw.s 			page 1


   1              		.cpu cortex-m4
   2              		.arch armv7e-m
   3              		.fpu fpv4-sp-d16
   4              		.eabi_attribute 27, 1
   5              		.eabi_attribute 28, 1
   6              		.eabi_attribute 20, 1
   7              		.eabi_attribute 21, 1
   8              		.eabi_attribute 23, 3
   9              		.eabi_attribute 24, 1
  10              		.eabi_attribute 25, 1
  11              		.eabi_attribute 26, 1
  12              		.eabi_attribute 30, 1
  13              		.eabi_attribute 34, 1
  14              		.eabi_attribute 18, 4
  15              		.file	"main.c"
  16              		.text
  17              		.section	.text.MX_GPIO_Init,"ax",%progbits
  18              		.align	1
  19              		.syntax unified
  20              		.thumb
  21              		.thumb_func
  23              	MX_GPIO_Init:
  24              		@ args = 0, pretend = 0, frame = 32
  25              		@ frame_needed = 0, uses_anonymous_args = 0
  26 0000 70B5     		push	{r4, r5, r6, lr}
  27 0002 88B0     		sub	sp, sp, #32
  28 0004 03AD     		add	r5, sp, #12
  29 0006 0024     		movs	r4, #0
  30 0008 0394     		str	r4, [sp, #12]
  31 000a 0494     		str	r4, [sp, #16]
  32 000c 0594     		str	r4, [sp, #20]
  33 000e 0694     		str	r4, [sp, #24]
  34 0010 0794     		str	r4, [sp, #28]
  35 0012 0094     		str	r4, [sp]
  36 0014 174B     		ldr	r3, .L3
  37 0016 1A6B     		ldr	r2, [r3, #48]
  38 0018 42F00402 		orr	r2, r2, #4
  39 001c 1A63     		str	r2, [r3, #48]
  40 001e 1A6B     		ldr	r2, [r3, #48]
  41 0020 02F00402 		and	r2, r2, #4
  42 0024 0092     		str	r2, [sp]
  43 0026 009A     		ldr	r2, [sp]
  44 0028 0194     		str	r4, [sp, #4]
  45 002a 1A6B     		ldr	r2, [r3, #48]
  46 002c 42F08002 		orr	r2, r2, #128
  47 0030 1A63     		str	r2, [r3, #48]
  48 0032 1A6B     		ldr	r2, [r3, #48]
  49 0034 02F08002 		and	r2, r2, #128
  50 0038 0192     		str	r2, [sp, #4]
  51 003a 019A     		ldr	r2, [sp, #4]
  52 003c 0294     		str	r4, [sp, #8]
  53 003e 1A6B     		ldr	r2, [r3, #48]
  54 0040 42F00202 		orr	r2, r2, #2
  55 0044 1A63     		str	r2, [r3, #48]
  56 0046 1B6B     		ldr	r3, [r3, #48]
  57 0048 03F00203 		and	r3, r3, #2
  58 004c 0293     		str	r3, [sp, #8]
ARM GAS  C:\Users\PNGUBO~1\AppData\Local\Temp\ccIPcJXw.s 			page 2


  59 004e 029B     		ldr	r3, [sp, #8]
  60 0050 094E     		ldr	r6, .L3+4
  61 0052 2246     		mov	r2, r4
  62 0054 FF21     		movs	r1, #255
  63 0056 3046     		mov	r0, r6
  64 0058 FFF7FEFF 		bl	HAL_GPIO_WritePin
  65 005c FF23     		movs	r3, #255
  66 005e 0393     		str	r3, [sp, #12]
  67 0060 0123     		movs	r3, #1
  68 0062 0493     		str	r3, [sp, #16]
  69 0064 0594     		str	r4, [sp, #20]
  70 0066 0694     		str	r4, [sp, #24]
  71 0068 2946     		mov	r1, r5
  72 006a 3046     		mov	r0, r6
  73 006c FFF7FEFF 		bl	HAL_GPIO_Init
  74 0070 08B0     		add	sp, sp, #32
  75              		@ sp needed
  76 0072 70BD     		pop	{r4, r5, r6, pc}
  77              	.L4:
  78              		.align	2
  79              	.L3:
  80 0074 00380240 		.word	1073887232
  81 0078 00040240 		.word	1073873920
  83              		.section	.text.Error_Handler,"ax",%progbits
  84              		.align	1
  85              		.global	Error_Handler
  86              		.syntax unified
  87              		.thumb
  88              		.thumb_func
  90              	Error_Handler:
  91              		@ Volatile: function does not return.
  92              		@ args = 0, pretend = 0, frame = 0
  93              		@ frame_needed = 0, uses_anonymous_args = 0
  94              		@ link register save eliminated.
  95              		.syntax unified
  96              	@ 962 "Drivers/CMSIS/Include/cmsis_gcc.h" 1
  97 0000 72B6     		cpsid i
  98              	@ 0 "" 2
  99              		.thumb
 100              		.syntax unified
 101              	.L6:
 102 0002 FEE7     		b	.L6
 104              		.section	.text.SystemClock_Config,"ax",%progbits
 105              		.align	1
 106              		.global	SystemClock_Config
 107              		.syntax unified
 108              		.thumb
 109              		.thumb_func
 111              	SystemClock_Config:
 112              		@ args = 0, pretend = 0, frame = 80
 113              		@ frame_needed = 0, uses_anonymous_args = 0
 114 0000 10B5     		push	{r4, lr}
 115 0002 94B0     		sub	sp, sp, #80
 116 0004 07AC     		add	r4, sp, #28
 117 0006 3422     		movs	r2, #52
 118 0008 0021     		movs	r1, #0
 119 000a 2046     		mov	r0, r4
ARM GAS  C:\Users\PNGUBO~1\AppData\Local\Temp\ccIPcJXw.s 			page 3


 120 000c FFF7FEFF 		bl	memset
 121 0010 0023     		movs	r3, #0
 122 0012 0293     		str	r3, [sp, #8]
 123 0014 0393     		str	r3, [sp, #12]
 124 0016 0493     		str	r3, [sp, #16]
 125 0018 0593     		str	r3, [sp, #20]
 126 001a 0693     		str	r3, [sp, #24]
 127 001c 0093     		str	r3, [sp]
 128 001e 214A     		ldr	r2, .L13
 129 0020 116C     		ldr	r1, [r2, #64]
 130 0022 41F08051 		orr	r1, r1, #268435456
 131 0026 1164     		str	r1, [r2, #64]
 132 0028 126C     		ldr	r2, [r2, #64]
 133 002a 02F08052 		and	r2, r2, #268435456
 134 002e 0092     		str	r2, [sp]
 135 0030 009A     		ldr	r2, [sp]
 136 0032 0193     		str	r3, [sp, #4]
 137 0034 1C4A     		ldr	r2, .L13+4
 138 0036 1368     		ldr	r3, [r2]
 139 0038 23F44043 		bic	r3, r3, #49152
 140 003c 43F48043 		orr	r3, r3, #16384
 141 0040 1360     		str	r3, [r2]
 142 0042 1368     		ldr	r3, [r2]
 143 0044 03F44043 		and	r3, r3, #49152
 144 0048 0193     		str	r3, [sp, #4]
 145 004a 019B     		ldr	r3, [sp, #4]
 146 004c 0123     		movs	r3, #1
 147 004e 0793     		str	r3, [sp, #28]
 148 0050 4FF48033 		mov	r3, #65536
 149 0054 0893     		str	r3, [sp, #32]
 150 0056 0223     		movs	r3, #2
 151 0058 0D93     		str	r3, [sp, #52]
 152 005a 4FF48002 		mov	r2, #4194304
 153 005e 0E92     		str	r2, [sp, #56]
 154 0060 0F22     		movs	r2, #15
 155 0062 0F92     		str	r2, [sp, #60]
 156 0064 9022     		movs	r2, #144
 157 0066 1092     		str	r2, [sp, #64]
 158 0068 1193     		str	r3, [sp, #68]
 159 006a 1293     		str	r3, [sp, #72]
 160 006c 1393     		str	r3, [sp, #76]
 161 006e 2046     		mov	r0, r4
 162 0070 FFF7FEFF 		bl	HAL_RCC_OscConfig
 163 0074 90B9     		cbnz	r0, .L11
 164 0076 0F23     		movs	r3, #15
 165 0078 0293     		str	r3, [sp, #8]
 166 007a 0223     		movs	r3, #2
 167 007c 0393     		str	r3, [sp, #12]
 168 007e 0023     		movs	r3, #0
 169 0080 0493     		str	r3, [sp, #16]
 170 0082 4FF4A053 		mov	r3, #5120
 171 0086 0593     		str	r3, [sp, #20]
 172 0088 4FF48053 		mov	r3, #4096
 173 008c 0693     		str	r3, [sp, #24]
 174 008e 0321     		movs	r1, #3
 175 0090 02A8     		add	r0, sp, #8
 176 0092 FFF7FEFF 		bl	HAL_RCC_ClockConfig
ARM GAS  C:\Users\PNGUBO~1\AppData\Local\Temp\ccIPcJXw.s 			page 4


 177 0096 18B9     		cbnz	r0, .L12
 178 0098 14B0     		add	sp, sp, #80
 179              		@ sp needed
 180 009a 10BD     		pop	{r4, pc}
 181              	.L11:
 182 009c FFF7FEFF 		bl	Error_Handler
 183              	.L12:
 184 00a0 FFF7FEFF 		bl	Error_Handler
 185              	.L14:
 186              		.align	2
 187              	.L13:
 188 00a4 00380240 		.word	1073887232
 189 00a8 00700040 		.word	1073770496
 191              		.section	.text.main,"ax",%progbits
 192              		.align	1
 193              		.global	main
 194              		.syntax unified
 195              		.thumb
 196              		.thumb_func
 198              	main:
 199              		@ Volatile: function does not return.
 200              		@ args = 0, pretend = 0, frame = 0
 201              		@ frame_needed = 0, uses_anonymous_args = 0
 202 0000 08B5     		push	{r3, lr}
 203 0002 FFF7FEFF 		bl	HAL_Init
 204 0006 FFF7FEFF 		bl	SystemClock_Config
 205 000a FFF7FEFF 		bl	MX_GPIO_Init
 206              	.L16:
 207 000e FEE7     		b	.L16
 209              		.ident	"GCC: (xPack GNU Arm Embedded GCC x86_64) 14.2.1 20241119"
ARM GAS  C:\Users\PNGUBO~1\AppData\Local\Temp\ccIPcJXw.s 			page 5


DEFINED SYMBOLS
                            *ABS*:00000000 main.c
C:\Users\PNGUBO~1\AppData\Local\Temp\ccIPcJXw.s:18     .text.MX_GPIO_Init:00000000 $t
C:\Users\PNGUBO~1\AppData\Local\Temp\ccIPcJXw.s:23     .text.MX_GPIO_Init:00000000 MX_GPIO_Init
C:\Users\PNGUBO~1\AppData\Local\Temp\ccIPcJXw.s:80     .text.MX_GPIO_Init:00000074 $d
C:\Users\PNGUBO~1\AppData\Local\Temp\ccIPcJXw.s:84     .text.Error_Handler:00000000 $t
C:\Users\PNGUBO~1\AppData\Local\Temp\ccIPcJXw.s:90     .text.Error_Handler:00000000 Error_Handler
C:\Users\PNGUBO~1\AppData\Local\Temp\ccIPcJXw.s:105    .text.SystemClock_Config:00000000 $t
C:\Users\PNGUBO~1\AppData\Local\Temp\ccIPcJXw.s:111    .text.SystemClock_Config:00000000 SystemClock_Config
C:\Users\PNGUBO~1\AppData\Local\Temp\ccIPcJXw.s:188    .text.SystemClock_Config:000000a4 $d
C:\Users\PNGUBO~1\AppData\Local\Temp\ccIPcJXw.s:192    .text.main:00000000 $t
C:\Users\PNGUBO~1\AppData\Local\Temp\ccIPcJXw.s:198    .text.main:00000000 main

UNDEFINED SYMBOLS
HAL_GPIO_WritePin
HAL_GPIO_Init
memset
HAL_RCC_OscConfig
HAL_RCC_ClockConfig
HAL_Init
